Csccon is opening a connection -  telnet reventon2-cs 2002 
exp_spawn telnet reventon2-cs 2002
Trying 172.27.240.86...
Connected to reventon2-cs.cisco.com (172.27.240.86).
Escape character is '^]'.

Hostname: reventon2-cs
Testbed:  Reventon2

CON
    Line     Device                         Port
  -------------------------------------------------
  01       reventon2-72a        (7200)      2002
  02       reventon2-72b        (7200)      2003
  03       reventon2-p1         (3845)      2004
  04       reventon2-p2         (3845)      2005
  05       reventon2-p3         (3825)      2006
  06       reventon2-29a        (2921)      2007
  07       reventon2-3945a      (3945)      2008
  08       reventon2-3945b      (3945)      2009
  09       reventon2-29b        (2911)      2010
  10       reventon2-19a        (1941)      2011
  11       reventon2-19b        (1941)      2012
  12       reventon2-sw         (3500)      2024
  13       reventon2-fw         (3500)      2025
  -------------------------------------------------
AUX
    Line     Device                         Port
  -------------------------------------------------
  01       reventon2-72a        (7200)      2013
  02       reventon2-72b        (7200)      2014
  03       reventon2-p1         (3845)      2015
  04       reventon2-p2         (3845)      2016
  05       reventon2-p3         (3825)      2017
  06       reventon2-29a        (2921)      2018
  07       reventon2-3945a      (3945)      2019
  08       reventon2-3945b      (3945)      2020
  09       reventon2-29b        (2911)      2021
  10       reventon2-19a        (1941)      2022
  11       reventon2-19b        (1941)      2023
  -------------------------------------------------

reventon2-72a#terminal length 0
reventon2-72a#config terminal
Enter configuration commands, one per line.  End with CNTL/Z.
reventon2-72a(config)#no logging console
reventon2-72a(config)#end
reventon2-72a#show version
Cisco IOS Software, 7200 Software (C7200P-ADVENTERPRISEK9-M), Version 15.1(REVENTON_DEV_PAL_20110208)SW EARLY DEPLOYMENT DEVELOPMENT BUILD, synced to REVENTON_DEV_PAL_SYNC_BASE_201011210
Copyright (c) 1986-2011 by Cisco Systems, Inc.
Compiled Wed 09-Feb-11 06:55 by dranjit

ROM: System Bootstrap, Version 12.4(12.2r)T, RELEASE SOFTWARE (fc1)
BOOTLDR: Cisco IOS Software, 7200 Software (C7200P-BOOT-M), Version 12.4(15)T10, RELEASE SOFTWARE (fc3)

reventon2-72a uptime is 1 day, 15 hours, 28 minutes
System returned to ROM by reload at 00:32:23 PST Thu Feb 10 2011
System restarted at 00:35:25 PST Thu Feb 10 2011
System image file is "tftp://172.19.201.81//auto/tftp-ios-crypto/bootimage.reventon2-72a"
Last reload reason: Reload Command



This product contains cryptographic features and is subject to United
States and local country laws governing import, export, transfer and
use. Delivery of Cisco cryptographic products does not imply
third-party authority to import, export, distribute or use encryption.
Importers, exporters, distributors and users are responsible for
compliance with U.S. and local country laws. By using this product you
agree to comply with applicable laws and regulations. If you are unable
to comply with U.S. and local laws, return this product immediately.

A summary of U.S. laws governing Cisco cryptographic products may be found at:
http://www.cisco.com/wwl/export/crypto/tool/stqrg.html

If you require further assistance please contact us by sending email to
export@cisco.com.

Cisco 7206VXR (NPE-G2) processor (revision A) with 917504K/65536K bytes of memory.
Processor board ID 36958513
MPC7448 CPU at 1666Mhz, Implementation 0, Rev 2.2
6 slot VXR midplane, Version 2.11

Last reset from power-on

PCI bus mb1 (Slots 1, 3 and 5) has a capacity of 600 bandwidth points.
Current configuration on bus mb1 has a total of 40 bandwidth points. 
This configuration is within the PCI bus capacity and is supported. 

PCI bus mb2 (Slots 2, 4 and 6) has a capacity of 600 bandwidth points.
Current configuration on bus mb2 has a total of 40 bandwidth points.
This configuration is within the PCI bus capacity and is supported. 

Please refer to the following document "Cisco 7200 Series Port Adaptor
Hardware Configuration Guidelines" on Cisco.com <http://www.cisco.com>
for c7200 bandwidth points oversubscription and usage guidelines.


8 Ethernet interfaces
1 FastEthernet interface
3 Gigabit Ethernet interfaces
4 Serial interfaces
1 Virtual Private Network (VPN) Module
2045K bytes of NVRAM.

250880K bytes of ATA PCMCIA card at slot 2 (Sector size 512 bytes).
65536K bytes of Flash internal SIMM (Sector size 512K).


Configuration register is 0x0

reventon2-72a#term width 0
reventon2-72a#config terminal
Enter configuration commands, one per line.  End with CNTL/Z.
reventon2-72a(config)# no logging console
reventon2-72a(config)#line con 0
reventon2-72a(config-line)#exec-timeout 0
reventon2-72a(config-line)#clock timezone PST -8
reventon2-72a(config)#service timestamps debug datetime localtime show-timezone msec
reventon2-72a(config)#service timestamps log datetime localtime show-timezone msec
reventon2-72a(config)#end
reventon2-72a#clock set 16:04:31 11 Feb 2011
reventon2-72a#Csccon is opening a connection -  telnet reventon2-cs 2003 
exp_spawn telnet reventon2-cs 2003
Trying 172.27.240.86...
Connected to reventon2-cs.cisco.com (172.27.240.86).
Escape character is '^]'.

Hostname: reventon2-cs
Testbed:  Reventon2

CON
    Line     Device                         Port
  -------------------------------------------------
  01       reventon2-72a        (7200)      2002
  02       reventon2-72b        (7200)      2003
  03       reventon2-p1         (3845)      2004
  04       reventon2-p2         (3845)      2005
  05       reventon2-p3         (3825)      2006
  06       reventon2-29a        (2921)      2007
  07       reventon2-3945a      (3945)      2008
  08       reventon2-3945b      (3945)      2009
  09       reventon2-29b        (2911)      2010
  10       reventon2-19a        (1941)      2011
  11       reventon2-19b        (1941)      2012
  12       reventon2-sw         (3500)      2024
  13       reventon2-fw         (3500)      2025
  -------------------------------------------------
AUX
    Line     Device                         Port
  -------------------------------------------------
  01       reventon2-72a        (7200)      2013
  02       reventon2-72b        (7200)      2014
  03       reventon2-p1         (3845)      2015
  04       reventon2-p2         (3845)      2016
  05       reventon2-p3         (3825)      2017
  06       reventon2-29a        (2921)      2018
  07       reventon2-3945a      (3945)      2019
  08       reventon2-3945b      (3945)      2020
  09       reventon2-29b        (2911)      2021
  10       reventon2-19a        (1941)      2022
  11       reventon2-19b        (1941)      2023
  -------------------------------------------------

reventon2-72b#terminal length 0
reventon2-72b#config terminal
Enter configuration commands, one per line.  End with CNTL/Z.
reventon2-72b(config)#no logging console
reventon2-72b(config)#end
reventon2-72b#show version
Cisco IOS Software, 7200 Software (C7200-ADVENTERPRISEK9-M), Version 15.1(REVENTON_DEV_PAL_20110208)SW EARLY DEPLOYMENT DEVELOPMENT BUILD, synced to REVENTON_DEV_PAL_SYNC_BASE_201011210
Copyright (c) 1986-2011 by Cisco Systems, Inc.
Compiled Wed 09-Feb-11 08:29 by dranjit

ROM: System Bootstrap, Version 12.3(4r)T3, RELEASE SOFTWARE (fc1)
BOOTLDR: Cisco IOS Software, 7200 Software (C7200-KBOOT-M), Version 15.0(1)M4.8, MAINTENANCE INTERIM SOFTWARE

reventon2-72b uptime is 1 day, 15 hours, 3 minutes
System returned to ROM by reload at 00:56:31 PST Thu Feb 10 2011
System restarted at 01:00:40 PST Thu Feb 10 2011
System image file is "tftp://172.19.201.81//auto/tftp-ios-crypto/bootimage.reventon2-72b"
Last reload type: Normal Reload
Last reload reason: Reload Command



This product contains cryptographic features and is subject to United
States and local country laws governing import, export, transfer and
use. Delivery of Cisco cryptographic products does not imply
third-party authority to import, export, distribute or use encryption.
Importers, exporters, distributors and users are responsible for
compliance with U.S. and local country laws. By using this product you
agree to comply with applicable laws and regulations. If you are unable
to comply with U.S. and local laws, return this product immediately.

A summary of U.S. laws governing Cisco cryptographic products may be found at:
http://www.cisco.com/wwl/export/crypto/tool/stqrg.html

If you require further assistance please contact us by sending email to
export@cisco.com.

Cisco 7206VXR (NPE-G1) processor (revision B) with 491520K/32768K bytes of memory.
Processor board ID 36322404
SB-1 CPU at 700MHz, Implementation 1025, Rev 0.2, 512KB L2 Cache
6 slot VXR midplane, Version 2.11

Last reset from power-on

PCI bus mb1 (Slots 1, 3 and 5) has a capacity of 600 bandwidth points.
Current configuration on bus mb1 has a total of 40 bandwidth points. 
This configuration is within the PCI bus capacity and is supported. 

PCI bus mb2 (Slots 2, 4 and 6) has a capacity of 600 bandwidth points.
Current configuration on bus mb2 has a total of 0 bandwidth points.
This configuration is within the PCI bus capacity and is supported. 

Please refer to the following document "Cisco 7200 Series Port Adaptor
Hardware Configuration Guidelines" on Cisco.com <http://www.cisco.com>
for c7200 bandwidth points oversubscription and usage guidelines.


4 Ethernet interfaces
3 Gigabit Ethernet interfaces
4 Serial interfaces
509K bytes of NVRAM.

125440K bytes of ATA PCMCIA card at slot 2 (Sector size 512 bytes).
16384K bytes of Flash internal SIMM (Sector size 256K).


Configuration register is 0x0

reventon2-72b#term width 0
reventon2-72b#config terminal
Enter configuration commands, one per line.  End with CNTL/Z.
reventon2-72b(config)# no logging console
reventon2-72b(config)#line con 0
reventon2-72b(config-line)#exec-timeout 0
reventon2-72b(config-line)#clock timezone PST -8
reventon2-72b(config)#service timestamps debug datetime localtime show-timezone msec
reventon2-72b(config)#service timestamps log datetime localtime show-timezone msec
reventon2-72b(config)#end
reventon2-72b#clock set 16:04:36 11 Feb 2011
reventon2-72b#Csccon is opening a connection -  telnet reventon2-cs 2010 
exp_spawn telnet reventon2-cs 2010
Trying 172.27.240.86...
telnet: connect to address 172.27.240.86: Connection refused
telnet: Unable to connect to remote host: Connection refused
econ_prepare_state generic:
	Connection refused to reventon2-29b
    while executing
"error $retval"
    (procedure "console" line 602)
    invoked from within
"console $Rtr"
    ("foreach" body line 2)
    invoked from within
"foreach Rtr $RtrList {
	console $Rtr
}"
    (file "tb_map_check" line 320)
