Csccon is opening a connection -  telnet reventon2-cs 2002 
exp_spawn telnet reventon2-cs 2002
Trying 172.27.240.86...
Connected to reventon2-cs.
Escape character is '^]'.

Hostname: reventon2-cs
Testbed:  Reventon2

CON
    Line     Device                         Port
  -------------------------------------------------
  01       reventon2-72a        (7200)      2002
  02       reventon2-72b        (7200)      2003
  03       reventon2-p1         (3845)      2004
  04       reventon2-p2         (3845)      2005
  05       reventon2-p3         (3825)      2006
  06       reventon2-29a        (2921)      2007
  07       reventon2-3945a      (3945)      2008
  08       reventon2-3945b      (3945)      2009
  09       reventon2-29b        (2911)      2010
  10       reventon2-19a        (1941)      2011
  11       reventon2-19b        (1941)      2012
  12       reventon2-sw         (3500)      2024
  13       reventon2-fw         (3500)      2025
  -------------------------------------------------
AUX
    Line     Device                         Port
  -------------------------------------------------
  01       reventon2-72a        (7200)      2013
  02       reventon2-72b        (7200)      2014
  03       reventon2-p1         (3845)      2015
  04       reventon2-p2         (3845)      2016
  05       reventon2-p3         (3825)      2017
  06       reventon2-29a        (2921)      2018
  07       reventon2-3945a      (3945)      2019
  08       reventon2-3945b      (3945)      2020
  09       reventon2-29b        (2911)      2021
  10       reventon2-19a        (1941)      2022
  11       reventon2-19b        (1941)      2023
  -------------------------------------------------

reventon2-72a(boot)#terminal length 0
reventon2-72a(boot)#config terminal
Enter configuration commands, one per line.  End with CNTL/Z.
reventon2-72a(boot)(config)#no logging console
reventon2-72a(boot)(config)#end
reventon2-72a(boot)#show version
Cisco IOS Software, 7200 Software (C7200P-BOOT-M), Version 12.4(15)T10, RELEASE SOFTWARE (fc3)
Technical Support: http://www.cisco.com/techsupport
Copyright (c) 1986-2009 by Cisco Systems, Inc.
Compiled Mon 14-Sep-09 18:45 by prod_rel_team

ROM: System Bootstrap, Version 12.4(12.2r)T, RELEASE SOFTWARE (fc1)

reventon2-72a uptime is 2 hours, 17 minutes
System returned to ROM by reload at 16:25:53 PST Tue Feb 1 2011
System restarted at 16:26:38 PST Tue Feb 1 2011
System image file is "bootflash:c7200p-boot-mz.124-15.T10.bin"
Last reload reason: Reload Command


Cisco 7206VXR (NPE-G2) processor (revision A) with 917504K/65536K bytes of memory.
Processor board ID 36958513
MPC7448 CPU at 1666Mhz, Implementation 0, Rev 2.2
6 slot VXR midplane, Version 2.11

Last reset from power-on

PCI bus mb1 (Slots 1, 3 and 5) has a capacity of 600 bandwidth points.
Current configuration on bus mb1 has a total of 40 bandwidth points. 
This configuration is within the PCI bus capacity and is supported. 

PCI bus mb2 (Slots 2, 4 and 6) has a capacity of 600 bandwidth points.
Current configuration on bus mb2 has a total of 40 bandwidth points.
This configuration is within the PCI bus capacity and is supported. 

Please refer to the following document "Cisco 7200 Series Port Adaptor
Hardware Configuration Guidelines" on Cisco.com <http://www.cisco.com>
for c7200 bandwidth points oversubscription and usage guidelines.


8 Ethernet interfaces
1 FastEthernet interface
3 Gigabit Ethernet interfaces
4 Serial interfaces
2045K bytes of NVRAM.

65536K bytes of Flash internal SIMM (Sector size 512K).
Configuration register is 0x0

reventon2-72a(boot)#term width 0
reventon2-72a(boot)#config terminal
Enter configuration commands, one per line.  End with CNTL/Z.
reventon2-72a(boot)(config)# no logging console
reventon2-72a(boot)(config)#line con 0
reventon2-72a(boot)(config-line)#exec-timeout 0
reventon2-72a(boot)(config-line)#clock timezone PST -8
reventon2-72a(boot)(config)#service timestamps debug datetime localtime show-timezone msec
reventon2-72a(boot)(config)#service timestamps log datetime localtime show-timezone msec
reventon2-72a(boot)(config)#end
reventon2-72a(boot)#clock set 18:44:24 01 Feb 2011
reventon2-72a(boot)#Csccon is opening a connection -  telnet reventon2-cs 2003 
exp_spawn telnet reventon2-cs 2003
Trying 172.27.240.86...
Connected to reventon2-cs.
Escape character is '^]'.

Hostname: reventon2-cs
Testbed:  Reventon2

CON
    Line     Device                         Port
  -------------------------------------------------
  01       reventon2-72a        (7200)      2002
  02       reventon2-72b        (7200)      2003
  03       reventon2-p1         (3845)      2004
  04       reventon2-p2         (3845)      2005
  05       reventon2-p3         (3825)      2006
  06       reventon2-29a        (2921)      2007
  07       reventon2-3945a      (3945)      2008
  08       reventon2-3945b      (3945)      2009
  09       reventon2-29b        (2911)      2010
  10       reventon2-19a        (1941)      2011
  11       reventon2-19b        (1941)      2012
  12       reventon2-sw         (3500)      2024
  13       reventon2-fw         (3500)      2025
  -------------------------------------------------
AUX
    Line     Device                         Port
  -------------------------------------------------
  01       reventon2-72a        (7200)      2013
  02       reventon2-72b        (7200)      2014
  03       reventon2-p1         (3845)      2015
  04       reventon2-p2         (3845)      2016
  05       reventon2-p3         (3825)      2017
  06       reventon2-29a        (2921)      2018
  07       reventon2-3945a      (3945)      2019
  08       reventon2-3945b      (3945)      2020
  09       reventon2-29b        (2911)      2021
  10       reventon2-19a        (1941)      2022
  11       reventon2-19b        (1941)      2023
  -------------------------------------------------

reventon2-72b(boot)#terminal length 0
reventon2-72b(boot)#config terminal
Enter configuration commands, one per line.  End with CNTL/Z.
reventon2-72b(boot)(config)#no logging console
reventon2-72b(boot)(config)#end
reventon2-72b(boot)#show version
Cisco IOS Software, 7200 Software (C7200-KBOOT-M), Version 15.0(1)M4.8, MAINTENANCE INTERIM SOFTWARE
Technical Support: http://www.cisco.com/techsupport
Copyright (c) 1986-2011 by Cisco Systems, Inc.
Compiled Wed 19-Jan-11 19:01 by prod_rel_team

ROM: System Bootstrap, Version 12.3(4r)T3, RELEASE SOFTWARE (fc1)

reventon2-72b uptime is 2 hours, 30 minutes
System returned to ROM by reload at 16:09:04 PST Tue Feb 1 2011
System restarted at 16:14:13 PST Tue Feb 1 2011
System image file is "bootflash:c7200-kboot-mz.150-1.M4.8"
Last reload type: Normal Reload
Last reload reason: Reload Command


Cisco 7206VXR (NPE-G1) processor (revision B) with 491520K/32768K bytes of memory.
Processor board ID 36322404
SB-1 CPU at 700MHz, Implementation 1025, Rev 0.2, 512KB L2 Cache
6 slot VXR midplane, Version 2.11

Last reset from power-on

PCI bus mb1 (Slots 1, 3 and 5) has a capacity of 600 bandwidth points.
Current configuration on bus mb1 has a total of 40 bandwidth points. 
This configuration is within the PCI bus capacity and is supported. 

PCI bus mb2 (Slots 2, 4 and 6) has a capacity of 600 bandwidth points.
Current configuration on bus mb2 has a total of 0 bandwidth points.
This configuration is within the PCI bus capacity and is supported. 

Please refer to the following document "Cisco 7200 Series Port Adaptor
Hardware Configuration Guidelines" on Cisco.com <http://www.cisco.com>
for c7200 bandwidth points oversubscription and usage guidelines.


4 Ethernet interfaces
3 Gigabit Ethernet interfaces
4 Serial interfaces
509K bytes of NVRAM.

125440K bytes of ATA PCMCIA card at slot 2 (Sector size 512 bytes).
16384K bytes of Flash internal SIMM (Sector size 256K).


Configuration register is 0x0

reventon2-72b(boot)#term width 0
reventon2-72b(boot)#config terminal
Enter configuration commands, one per line.  End with CNTL/Z.
reventon2-72b(boot)(config)# no logging console
reventon2-72b(boot)(config)#line con 0
reventon2-72b(boot)(config-line)#exec-timeout 0
reventon2-72b(boot)(config-line)#clock timezone PST -8
reventon2-72b(boot)(config)#service timestamps debug datetime localtime show-timezone msec
reventon2-72b(boot)(config)#service timestamps log datetime localtime show-timezone msec
reventon2-72b(boot)(config)#end
reventon2-72b(boot)#clock set 18:44:29 01 Feb 2011
reventon2-72b(boot)#Csccon is opening a connection -  telnet reventon2-cs 2010 
exp_spawn telnet reventon2-cs 2010
Trying 172.27.240.86...
telnet: connect to address 172.27.240.86: Connection refused
econ_prepare_state generic:
	Connection refused to reventon2-29b
    while executing
"error $retval"
    (procedure "console" line 602)
    invoked from within
"console $Rtr"
    ("foreach" body line 2)
    invoked from within
"foreach Rtr $RtrList {
	console $Rtr
}"
    (file "tb_map_check" line 320)
