Csccon is opening a connection -  telnet 172.19.147.110 2035 
exp_spawn telnet 172.19.147.110 2035
Trying 172.19.147.110...
Connected to 172.19.147.110 (172.19.147.110).
Escape character is '^]'.
C
Hostname: waasperf2-cs
Testbed:  waasperf2

FRONT
    Line     Device                         Port
  -------------------------------------------------
  P0       VACANT               (7200)      2018
  P1       waasperf2-72b        (7200)      2019
  P2       waasperf2-3825b      (3825)      2020
  P3       waasperf2-29a        (2921)      2021
  P4       waasperf2-19a        (1941)      2022
  P5       VACANT               (2921)      2023
  P6       VACANT               (3945)      2024
  P7       VACANT               (3945)      2025
  -------------------------------------------------
BACK
    Line     Device                         Port
  -------------------------------------------------
  P0       waasperf2-72a        (7200)      2034
  P1       waasperf2-72b        (7200)      2035
  P2       waasperf2-p1         (3845)      2036
  P3       waasperf2-p2         (3845)      2037
  P4       waasperf2-p3         (3825)      2038
  P5       waasperf2-29a        (2921)      2039
  P6       waasperf2-3945a      (3945)      2040
  P7       waasperf2-3945b      (3945)      2041
  -------------------------------------------------

waasperf2-72b(boot)#terminal length 0
waasperf2-72b(boot)#config terminal
Enter configuration commands, one per line.  End with CNTL/Z.
waasperf2-72b(boot)(config)#no logging console
waasperf2-72b(boot)(config)#end
waasperf2-72b(boot)#show version
Cisco IOS Software, 7200 Software (C7200P-KBOOT-M), Version 12.4(4)XD5, RELEASE SOFTWARE (fc1)
Technical Support: http://www.cisco.com/techsupport
Copyright (c) 1986-2006 by Cisco Systems, Inc.
Compiled Tue 19-Dec-06 16:07 by alnguyen

ROM: System Bootstrap, Version 12.4(4r)XD5, RELEASE SOFTWARE (fc1)

waasperf2-72b uptime is 1 day, 23 hours, 40 minutes
System returned to ROM by reload at 07:42:13 MDT Sun May 8 2011
System restarted at 13:40:30 PDT Mon May 9 2011
System image file is "bootflash:c7200p-kboot-mz.124-4.XD5.bin"
Last reload reason: Reload Command


Cisco 7206VXR (NPE-G2) processor (revision A) with 917504K/65536K bytes of memory.
Processor board ID 34850032
MPC7448 CPU at 1666Mhz, Implementation 0, Rev 2.2
6 slot VXR midplane, Version 2.11

Last reset from power-on

PCI bus mb1 (Slots 1, 3 and 5) has a capacity of 600 bandwidth points.
Current configuration on bus mb1 has a total of 0 bandwidth points. 
This configuration is within the PCI bus capacity and is supported. 

PCI bus mb2 (Slots 2, 4 and 6) has a capacity of 600 bandwidth points.
Current configuration on bus mb2 has a total of 300 bandwidth points.
This configuration is within the PCI bus capacity and is supported. 

Please refer to the following document "Cisco 7200 Series Port Adaptor
Hardware Configuration Guidelines" on Cisco.com <http://www.cisco.com>
for c7200 bandwidth points oversubscription and usage guidelines.


1 FastEthernet interface
3 Gigabit Ethernet interfaces
1 ATM interface
2045K bytes of NVRAM.

250880K bytes of ATA PCMCIA card at slot 2 (Sector size 512 bytes).
65536K bytes of Flash internal SIMM (Sector size 512K).
Configuration register is 0x0

waasperf2-72b(boot)#term width 0
waasperf2-72b(boot)#config terminal
Enter configuration commands, one per line.  End with CNTL/Z.
waasperf2-72b(boot)(config)# no logging console
waasperf2-72b(boot)(config)#line con 0
waasperf2-72b(boot)(config-line)#exec-timeout 0
waasperf2-72b(boot)(config-line)#clock timezone PDT -7
waasperf2-72b(boot)(config)#service timestamps debug datetime localtime show-timezone msec
waasperf2-72b(boot)(config)#service timestamps log datetime localtime show-timezone msec
waasperf2-72b(boot)(config)#end
waasperf2-72b(boot)#clock set 14:20:38 11 May 2011
waasperf2-72b(boot)#Csccon is opening a connection -  telnet 172.19.147.110 2036 
exp_spawn telnet 172.19.147.110 2036
Trying 172.19.147.110...
telnet: connect to address 172.19.147.110: Connection refused
telnet: Unable to connect to remote host: Connection refused
econ_prepare_state generic:
	Connection refused to waasperf2-3825b
    while executing
"error $retval"
    (procedure "console" line 602)
    invoked from within
"console $Rtr"
    ("foreach" body line 2)
    invoked from within
"foreach Rtr $RtrList {
	console $Rtr
}"
    (file "tb_map_check" line 320)
